[    0.000000] Initializing cgroup subsys cpuset
[    0.000000] Initializing cgroup subsys cpu
[    0.000000] Initializing cgroup subsys cpuacct
[    0.000000] Linux version 4.4.0-91-generic (buildd@lcy01-11) (gcc version 5.4.0 20160609 (Ubuntu 5.4.0-6ubuntu1~16.04.4) ) #114-Ubuntu SMP Tue Aug 8 11:56:56 UTC 2017 (Ubuntu 4.4.0-91.114-generic 4.4.76)
[    0.000000] Command line: BOOT_IMAGE=/boot/vmlinuz-4.4.0-91-generic root=UUID=2fcba7a1-77bf-4d12-b01b-d1ff410d1a0a ro console=tty1 console=ttyS0
[    0.000000] KERNEL supported cpus:
[    0.000000]   Intel GenuineIntel
[    0.000000]   AMD AuthenticAMD
[    0.000000]   Centaur CentaurHauls
[    0.000000] x86/fpu: xstate_offset[2]:  576, xstate_sizes[2]:  256
[    0.000000] x86/fpu: Supporting XSAVE feature 0x01: 'x87 floating point registers'
[    0.000000] x86/fpu: Supporting XSAVE feature 0x02: 'SSE registers'
[    0.000000] x86/fpu: Supporting XSAVE feature 0x04: 'AVX registers'
[    0.000000] x86/fpu: Enabled xstate features 0x7, context size is 832 bytes, using 'standard' format.
[    0.000000] x86/fpu: Using 'lazy' FPU context switches.
[    0.000000] e820: BIOS-provided physical RAM map:
[    0.000000] BIOS-e820: [mem 0x0000000000000000-0x000000000009fbff] usable
[    0.000000] BIOS-e820: [mem 0x000000000009fc00-0x000000000009ffff] reserved
[    0.000000] BIOS-e820: [mem 0x00000000000f0000-0x00000000000fffff] reserved
[    0.000000] BIOS-e820: [mem 0x0000000000100000-0x000000003ffeffff] usable
[    0.000000] BIOS-e820: [mem 0x000000003fff0000-0x000000003fffffff] ACPI data
[    0.000000] BIOS-e820: [mem 0x00000000fec00000-0x00000000fec00fff] reserved
[    0.000000] BIOS-e820: [mem 0x00000000fee00000-0x00000000fee00fff] reserved
[    0.000000] BIOS-e820: [mem 0x00000000fffc0000-0x00000000ffffffff] reserved
[    0.000000] NX (Execute Disable) protection: active
[    0.000000] SMBIOS 2.5 present.
[    0.000000] Hypervisor detected: KVM
[    0.000000] e820: last_pfn = 0x3fff0 max_arch_pfn = 0x400000000
[    0.000000] MTRR: Disabled
[    0.000000] x86/PAT: MTRRs disabled, skipping PAT initialization too.
[    0.000000] x86/PAT: Configuration [0-7]: WB  WT  UC- UC  WB  WT  UC- UC  
[    0.000000] CPU MTRRs all blank - virtualized system.
[    0.000000] found SMP MP-table at [mem 0x0009fff0-0x0009ffff] mapped at [ffff88000009fff0]
[    0.000000] Scanning 1 areas for low memory corruption
[    0.000000] RAMDISK: [mem 0x36232000-0x37110fff]
[    0.000000] ACPI: Early table checksum verification disabled
[    0.000000] ACPI: RSDP 0x00000000000E0000 000024 (v02 VBOX  )
[    0.000000] ACPI: XSDT 0x000000003FFF0030 00003C (v01 VBOX   VBOXXSDT 00000001 ASL  00000061)
[    0.000000] ACPI: FACP 0x000000003FFF00F0 0000F4 (v04 VBOX   VBOXFACP 00000001 ASL  00000061)
[    0.000000] ACPI: DSDT 0x000000003FFF0470 0021C8 (v02 VBOX   VBOXBIOS 00000002 INTL 20100528)
[    0.000000] ACPI: FACS 0x000000003FFF0200 000040
[    0.000000] ACPI: FACS 0x000000003FFF0200 000040
[    0.000000] ACPI: APIC 0x000000003FFF0240 00005C (v02 VBOX   VBOXAPIC 00000001 ASL  00000061)
[    0.000000] ACPI: SSDT 0x000000003FFF02A0 0001CC (v01 VBOX   VBOXCPUT 00000002 INTL 20100528)
[    0.000000] No NUMA configuration found
[    0.000000] Faking a node at [mem 0x0000000000000000-0x000000003ffeffff]
[    0.000000] NODE_DATA(0) allocated [mem 0x3ffeb000-0x3ffeffff]
[    0.000000] kvm-clock: Using msrs 4b564d01 and 4b564d00
[    0.000000] kvm-clock: cpu 0, msr 0:3ffe3001, primary cpu clock
[    0.000000] kvm-clock: using sched offset of 3772503678 cycles
[    0.000000] clocksource: kvm-clock: mask: 0xffffffffffffffff max_cycles: 0x1cd42e4dffb, max_idle_ns: 881590591483 ns
[    0.000000] Zone ranges:
[    0.000000]   DMA      [mem 0x0000000000001000-0x0000000000ffffff]
[    0.000000]   DMA32    [mem 0x0000000001000000-0x000000003ffeffff]
[    0.000000]   Normal   empty
[    0.000000]   Device   empty
[    0.000000] Movable zone start for each node
[    0.000000] Early memory node ranges
[    0.000000]   node   0: [mem 0x0000000000001000-0x000000000009efff]
[    0.000000]   node   0: [mem 0x0000000000100000-0x000000003ffeffff]
[    0.000000] Initmem setup node 0 [mem 0x0000000000001000-0x000000003ffeffff]
[    0.000000] ACPI: PM-Timer IO Port: 0x4008
[    0.000000] IOAPIC[0]: apic_id 2, version 32, address 0xfec00000, GSI 0-23
[    0.000000] ACPI: INT_SRC_OVR (bus 0 bus_irq 0 global_irq 2 dfl dfl)
[    0.000000] ACPI: INT_SRC_OVR (bus 0 bus_irq 9 global_irq 9 high level)
[    0.000000] Using ACPI (MADT) for SMP configuration information
[    0.000000] smpboot: Allowing 2 CPUs, 0 hotplug CPUs
[    0.000000] PM: Registered nosave memory: [mem 0x00000000-0x00000fff]
[    0.000000] PM: Registered nosave memory: [mem 0x0009f000-0x0009ffff]
[    0.000000] PM: Registered nosave memory: [mem 0x000a0000-0x000effff]
[    0.000000] PM: Registered nosave memory: [mem 0x000f0000-0x000fffff]
[    0.000000] e820: [mem 0x40000000-0xfebfffff] available for PCI devices
[    0.000000] Booting paravirtualized kernel on KVM
[    0.000000] clocksource: refined-jiffies: mask: 0xffffffff max_cycles: 0xffffffff, max_idle_ns: 7645519600211568 ns
[    0.000000] setup_percpu: NR_CPUS:512 nr_cpumask_bits:512 nr_cpu_ids:2 nr_node_ids:1
[    0.000000] PERCPU: Embedded 33 pages/cpu @ffff88003fc00000 s98264 r8192 d28712 u1048576
[    0.000000] PV qspinlock hash table entries: 256 (order: 0, 4096 bytes)
[    0.000000] Built 1 zonelists in Node order, mobility grouping on.  Total pages: 257913
[    0.000000] Policy zone: DMA32
[    0.000000] Kernel command line: BOOT_IMAGE=/boot/vmlinuz-4.4.0-91-generic root=UUID=2fcba7a1-77bf-4d12-b01b-d1ff410d1a0a ro console=tty1 console=ttyS0
[    0.000000] PID hash table entries: 4096 (order: 3, 32768 bytes)
[    0.000000] Memory: 997348K/1048120K available (8474K kernel code, 1294K rwdata, 3984K rodata, 1488K init, 1316K bss, 50772K reserved, 0K cma-reserved)
[    0.000000] SLUB: HWalign=64, Order=0-3, MinObjects=0, CPUs=2, Nodes=1
[    0.000000] Hierarchical RCU implementation.
[    0.000000] 	Build-time adjustment of leaf fanout to 64.
[    0.000000] 	RCU restricting CPUs from NR_CPUS=512 to nr_cpu_ids=2.
[    0.000000] RCU: Adjusting geometry for rcu_fanout_leaf=64, nr_cpu_ids=2
[    0.000000] NR_IRQS:33024 nr_irqs:440 16
[    0.000000] Console: colour VGA+ 80x25
[    0.000000] console [tty1] enabled
[    0.000000] console [ttyS0] enabled
[    0.000000] tsc: Detected 2300.000 MHz processor
[    2.142830] Calibrating delay loop (skipped) preset value.. 4600.00 BogoMIPS (lpj=9200000)
[    2.153467] pid_max: default: 32768 minimum: 301
[    2.172964] ACPI: Core revision 20150930
[    2.181005] ACPI: 2 ACPI AML tables successfully acquired and loaded
[    2.199864] Security Framework initialized
[    2.215225] Yama: becoming mindful.
[    2.247831] AppArmor: AppArmor initialized
[    2.270566] Dentry cache hash table entries: 131072 (order: 8, 1048576 bytes)
[    2.353234] Inode-cache hash table entries: 65536 (order: 7, 524288 bytes)
[    2.386151] Mount-cache hash table entries: 2048 (order: 2, 16384 bytes)
[    2.431971] Mountpoint-cache hash table entries: 2048 (order: 2, 16384 bytes)
[    2.433506] Initializing cgroup subsys io
[    2.434441] Initializing cgroup subsys memory
[    2.446849] Initializing cgroup subsys devices
[    2.447808] Initializing cgroup subsys freezer
[    2.448765] Initializing cgroup subsys net_cls
[    2.449842] Initializing cgroup subsys perf_event
[    2.450931] Initializing cgroup subsys net_prio
[    2.511107] Initializing cgroup subsys hugetlb
[    2.541189] Initializing cgroup subsys pids
[    2.580327] CPU: Physical Processor ID: 0
[    2.619944] CPU: Processor Core ID: 0
[    2.658084] mce: CPU supports 0 MCE banks
[    2.707632] Last level iTLB entries: 4KB 1024, 2MB 1024, 4MB 1024
[    2.773171] Last level dTLB entries: 4KB 1024, 2MB 1024, 4MB 1024, 1GB 4
[    2.809957] Freeing SMP alternatives memory: 32K (ffffffff820b9000 - ffffffff820c1000)
[    2.881717] ftrace: allocating 32131 entries in 126 pages
[    2.947657] smpboot: APIC(0) Converting physical 0 to logical package 0
[    3.025665] smpboot: Max logical packages: 1
[    3.071636] x2apic enabled
[    3.076624] Switched APIC routing to physical x2apic.
[    3.111904] ..TIMER: vector=0x30 apic1=0 pin1=2 apic2=-1 pin2=-1
[    3.235944] APIC calibration not consistent with PM-Timer: 98ms instead of 100ms
[    3.239924] APIC delta adjusted to PM-Timer: 6330246 (6213847)
[    3.243523] smpboot: CPU0: Intel(R) Core(TM) i7-4650U CPU @ 1.70GHz (family: 0x6, model: 0x45, stepping: 0x1)
[    3.276850] Performance Events: unsupported p6 CPU model 69 no PMU driver, software events only.
[    3.285816] KVM setup paravirtual spinlock
[    3.290194] x86: Booting SMP configuration:
[    3.301633] .... node  #0, CPUs:      #1
[    3.309378] kvm-clock: cpu 1, msr 0:3ffe3041, secondary cpu clock
[    3.323869] mce: CPU supports 0 MCE banks
[    3.343980] x86: Booted up 1 node, 2 CPUs
[    3.355445] smpboot: Total of 2 processors activated (9200.00 BogoMIPS)
[    3.388792] devtmpfs: initialized
[    3.396217] evm: security.selinux
[    3.397489] evm: security.SMACK64
[    3.418568] evm: security.SMACK64EXEC
[    3.421717] evm: security.SMACK64TRANSMUTE
[    3.436112] evm: security.SMACK64MMAP
[    3.445063] evm: security.ima
[    3.458779] evm: security.capability
[    3.462604] clocksource: jiffies: mask: 0xffffffff max_cycles: 0xffffffff, max_idle_ns: 7645041785100000 ns
[    3.482711] futex hash table entries: 512 (order: 3, 32768 bytes)
[    3.500990] pinctrl core: initialized pinctrl subsystem
[    3.502414] RTC time:  2:51:43, date: 08/16/17
[    3.505263] NET: Registered protocol family 16
[    3.519256] cpuidle: using governor ladder
[    3.531542] cpuidle: using governor menu
[    3.536083] PCCT header not found.
[    3.537086] ACPI: bus type PCI registered
[    3.538102] acpiphp: ACPI Hot Plug PCI Controller Driver version: 0.5
[    3.547614] PCI: Using configuration type 1 for base access
[    3.572901] ACPI: Added _OSI(Module Device)
[    3.585762] ACPI: Added _OSI(Processor Device)
[    3.597813] ACPI: Added _OSI(3.0 _SCP Extensions)
[    3.614798] ACPI: Added _OSI(Processor Aggregator Device)
[    3.617194] ACPI: Executed 1 blocks of module-level executable AML code
[    3.630725] ACPI: Interpreter enabled
[    3.642707] ACPI: (supports S0 S5)
[    3.645275] ACPI: Using IOAPIC for interrupt routing
[    3.646647] PCI: Using host bridge windows from ACPI; if necessary, use "pci=nocrs" and report a bug
[    3.661105] ACPI: PCI Root Bridge [PCI0] (domain 0000 [bus 00-ff])
[    3.667978] acpi PNP0A03:00: _OSC: OS supports [ASPM ClockPM Segments MSI]
[    3.669646] acpi PNP0A03:00: _OSC failed (AE_NOT_FOUND); disabling ASPM
[    3.671247] acpi PNP0A03:00: fail to add MMCONFIG information, can't access extended PCI configuration space under this bridge.
[    3.679704] PCI host bridge to bus 0000:00
[    3.718374] pci_bus 0000:00: root bus resource [io  0x0000-0x0cf7 window]
[    3.742129] pci_bus 0000:00: root bus resource [io  0x0d00-0xffff window]
[    3.755114] pci_bus 0000:00: root bus resource [mem 0x000a0000-0x000bffff window]
[    3.767912] pci_bus 0000:00: root bus resource [mem 0x40000000-0xffdfffff window]
[    3.788873] pci_bus 0000:00: root bus resource [bus 00-ff]
[    3.791904] pci 0000:00:01.1: legacy IDE quirk: reg 0x10: [io  0x01f0-0x01f7]
[    3.795124] pci 0000:00:01.1: legacy IDE quirk: reg 0x14: [io  0x03f6]
[    3.796605] pci 0000:00:01.1: legacy IDE quirk: reg 0x18: [io  0x0170-0x0177]
[    3.803820] pci 0000:00:01.1: legacy IDE quirk: reg 0x1c: [io  0x0376]
[    3.822030] pci 0000:00:07.0: quirk: [io  0x4000-0x403f] claimed by PIIX4 ACPI
[    3.851232] pci 0000:00:07.0: quirk: [io  0x4100-0x410f] claimed by PIIX4 SMB
[    3.867448] ACPI: PCI Interrupt Link [LNKA] (IRQs 5 9 10 *11)
[    3.877295] ACPI: PCI Interrupt Link [LNKB] (IRQs 5 9 10 *11)
[    3.879379] ACPI: PCI Interrupt Link [LNKC] (IRQs 5 9 *10 11)
[    3.890453] ACPI: PCI Interrupt Link [LNKD] (IRQs 5 *9 10 11)
[    3.901049] ACPI: Enabled 2 GPEs in block 00 to 07
[    3.902999] vgaarb: setting as boot device: PCI:0000:00:02.0
[    3.915880] vgaarb: device added: PCI:0000:00:02.0,decodes=io+mem,owns=io+mem,locks=none
[    3.930064] vgaarb: loaded
[    3.930863] vgaarb: bridge control possible 0000:00:02.0
[    3.932592] SCSI subsystem initialized
[    3.933752] ACPI: bus type USB registered
[    3.934885] usbcore: registered new interface driver usbfs
[    3.937019] usbcore: registered new interface driver hub
[    3.939971] usbcore: registered new device driver usb
[    3.941752] PCI: Using ACPI for IRQ routing
[    3.945237] NetLabel: Initializing
[    3.946263] NetLabel:  domain hash size = 128
[    3.947892] NetLabel:  protocols = UNLABELED CIPSOv4
[    3.961612] NetLabel:  unlabeled traffic allowed by default
[    4.004634] amd_nb: Cannot enumerate AMD northbridges
[    4.005965] clocksource: Switched to clocksource kvm-clock
[    4.027796] AppArmor: AppArmor Filesystem Enabled
[    4.058532] pnp: PnP ACPI init
[    4.065322] pnp: PnP ACPI: found 3 devices
[    4.079572] clocksource: acpi_pm: mask: 0xffffff max_cycles: 0xffffff, max_idle_ns: 2085701024 ns
[    4.086244] NET: Registered protocol family 2
[    4.087909] TCP established hash table entries: 8192 (order: 4, 65536 bytes)
[    4.089807] TCP bind hash table entries: 8192 (order: 5, 131072 bytes)
[    4.092449] TCP: Hash tables configured (established 8192 bind 8192)
[    4.095662] UDP hash table entries: 512 (order: 2, 16384 bytes)
[    4.099827] UDP-Lite hash table entries: 512 (order: 2, 16384 bytes)
[    4.101412] NET: Registered protocol family 1
[    4.102580] pci 0000:00:00.0: Limiting direct PCI/PCI transfers
[    4.104155] pci 0000:00:01.0: Activating ISA DMA hang workarounds
[    4.109075] Unpacking initramfs...
[    4.419353] Freeing initrd memory: 15228K (ffff880036232000 - ffff880037111000)
[    4.428613] RAPL PMU detected, API unit is 2^-32 Joules, 4 fixed counters 10737418240 ms ovfl timer
[    4.430848] hw unit of domain pp0-core 2^-0 Joules
[    4.435088] hw unit of domain package 2^-0 Joules
[    4.438493] hw unit of domain dram 2^-0 Joules
[    4.441089] hw unit of domain pp1-gpu 2^-0 Joules
[    4.442533] platform rtc_cmos: registered platform RTC device (no PNP device found)
[    4.456158] Scanning for low memory corruption every 60 seconds
[    4.458003] audit: initializing netlink subsys (disabled)
[    4.460272] audit: type=2000 audit(1502851905.681:1): initialized
[    4.462271] Initialise system trusted keyring
[    4.480773] HugeTLB registered 2 MB page size, pre-allocated 0 pages
[    4.490906] zbud: loaded
[    4.495391] VFS: Disk quotas dquot_6.6.0
[    4.508556] VFS: Dquot-cache hash table entries: 512 (order 0, 4096 bytes)
[    4.511089] squashfs: version 4.0 (2009/01/31) Phillip Lougher
[    4.545270] fuse init (API version 7.23)
[    4.576391] Key type big_key registered
[    4.612422] Allocating IMA MOK and blacklist keyrings.
[    4.620893] Key type asymmetric registered
[    4.632343] Asymmetric key parser 'x509' registered
[    4.639288] Block layer SCSI generic (bsg) driver version 0.4 loaded (major 249)
[    4.653128] io scheduler noop registered
[    4.654318] io scheduler deadline registered (default)
[    4.655471] io scheduler cfq registered
[    4.657087] pci_hotplug: PCI Hot Plug PCI Core version: 0.5
[    4.672553] pciehp: PCI Express Hot Plug Controller Driver version: 0.4
[    4.681078] ACPI: AC Adapter [AC] (on-line)
[    4.718572] input: Power Button as /devices/LNXSYSTM:00/LNXPWRBN:00/input/input0
[    4.780227] ACPI: Power Button [PWRF]
[    4.781338] input: Sleep Button as /devices/LNXSYSTM:00/LNXSLPBN:00/input/input1
[    4.783600] ACPI: Sleep Button [SLPF]
[    4.789670] ACPI: Battery Slot [BAT0] (battery present)
[    4.792496] GHES: HEST is not enabled!
[    4.794178] Serial: 8250/16550 driver, 32 ports, IRQ sharing enabled
[    4.819952] 00:02: ttyS0 at I/O 0x3f8 (irq = 4, base_baud = 115200) is a 16550A
[    4.832849] Linux agpgart interface v0.103
[    4.881368] loop: module loaded
[    4.903792] scsi host0: ata_piix
[    4.932249] scsi host1: ata_piix
[    4.971389] ata1: PATA max UDMA/33 cmd 0x1f0 ctl 0x3f6 bmdma 0xd000 irq 14
[    4.993584] ata2: PATA max UDMA/33 cmd 0x170 ctl 0x376 bmdma 0xd008 irq 15
[    5.071733] libphy: Fixed MDIO Bus: probed
[    5.075018] tun: Universal TUN/TAP device driver, 1.6
[    5.076243] tun: (C) 1999-2004 Max Krasnyansky <maxk@qualcomm.com>
[    5.091799] PPP generic driver version 2.4.2
[    5.099883] ehci_hcd: USB 2.0 'Enhanced' Host Controller (EHCI) Driver
[    5.115321] ehci-pci: EHCI PCI platform driver
[    5.132321] ehci-platform: EHCI generic platform driver
[    5.167393] ohci_hcd: USB 1.1 'Open' Host Controller (OHCI) Driver
[    5.168867] ohci-pci: OHCI PCI platform driver
[    5.191836] ohci-platform: OHCI generic platform driver
[    5.193187] uhci_hcd: USB Universal Host Controller Interface driver
[    5.250572] i8042: PNP: PS/2 Controller [PNP0303:PS2K,PNP0f03:PS2M] at 0x60,0x64 irq 1,12
[    5.294477] serio: i8042 KBD port at 0x60,0x64 irq 1
[    5.360493] serio: i8042 AUX port at 0x60,0x64 irq 12
[    5.402336] mousedev: PS/2 mouse device common for all mice
[    5.413583] rtc_cmos rtc_cmos: rtc core: registered rtc_cmos as rtc0
[    5.443422] tsc: Refined TSC clocksource calibration: 2299.384 MHz
[    5.443424] clocksource: tsc: mask: 0xffffffffffffffff max_cycles: 0x2124ef4119a, max_idle_ns: 440795270617 ns
[    5.535916] rtc_cmos rtc_cmos: alarms up to one day, 114 bytes nvram
[    5.537271] input: AT Translated Set 2 keyboard as /devices/platform/i8042/serio0/input/input2
[    5.538064] i2c /dev entries driver
[    5.538138] device-mapper: uevent: version 1.0.3
[    5.570168] device-mapper: ioctl: 4.34.0-ioctl (2015-10-28) initialised: dm-devel@redhat.com
[    5.570206] ledtrig-cpu: registered to indicate activity on CPUs
[    5.570681] NET: Registered protocol family 10
[    5.570933] NET: Registered protocol family 17
[    5.570948] Key type dns_resolver registered
[    5.571130] microcode: CPU0 sig=0x40651, pf=0x40, revision=0x0
[    5.574025] microcode: CPU1 sig=0x40651, pf=0x40, revision=0x0
[    5.574056] microcode: Microcode Update Driver: v2.01 <tigran@aivazian.fsnet.co.uk>, Peter Oruba
[    5.574319] registered taskstats version 1
[    5.574339] Loading compiled-in X.509 certificates
[    5.575479] Loaded X.509 cert 'Build time autogenerated kernel key: 0777615d5208f86b8b4bd2fb3aecc97a191f2831'
[    5.575514] zswap: loaded using pool lzo/zbud
[    5.577444] Key type trusted registered
[    5.580289] Key type encrypted registered
[    5.580296] AppArmor: AppArmor sha1 policy hashing enabled
[    5.580298] ima: No TPM chip found, activating TPM-bypass!
[    5.580319] evm: HMAC attrs: 0x1
[    5.580640]   Magic number: 13:761:864
[    5.582722] rtc_cmos rtc_cmos: setting system clock to 2017-08-16 02:51:45 UTC (1502851905)
[    5.582807] BIOS EDD facility v0.16 2004-Jun-25, 0 devices found
[    5.582807] EDD information not available.
[    6.275731] Freeing unused kernel memory: 1488K (ffffffff81f45000 - ffffffff820b9000)
[    6.407437] Write protecting the kernel read-only data: 14336k
[    6.447820] Freeing unused kernel memory: 1752K (ffff88000184a000 - ffff880001a00000)
[    6.491928] Freeing unused kernel memory: 112K (ffff880001de4000 - ffff880001e00000)
Loading, please [    6.547367] random: systemd-udevd: uninitialized urandom read (16 bytes read, 3 bits of entropy available)
wait...
starting version 229
[    6.548021] random: udevadm: uninitialized urandom read (16 bytes read, 3 bits of entropy available)
[    6.548073] random: udevadm: uninitialized urandom read (16 bytes read, 3 bits of entropy available)
[    6.548250] random: udevadm: uninitialized urandom read (16 bytes read, 3 bits of entropy available)
[    6.548322] random: udevadm: uninitialized urandom read (16 bytes read, 3 bits of entropy available)
[    6.548368] random: udevadm: uninitialized urandom read (16 bytes read, 3 bits of entropy available)
[    6.548407] random: udevadm: uninitialized urandom read (16 bytes read, 3 bits of entropy available)
[    6.548447] random: udevadm: uninitialized urandom read (16 bytes read, 3 bits of entropy available)
[    6.548483] random: udevadm: uninitialized urandom read (16 bytes read, 3 bits of entropy available)
[    6.548527] random: udevadm: uninitialized urandom read (16 bytes read, 3 bits of entropy available)
[    6.933378] e1000: Intel(R) PRO/1000 Network Driver - version 7.3.21-k8-NAPI
[    6.945207] e1000: Copyright (c) 1999-2006 Intel Corporation.
[    6.961339] Fusion MPT base driver 3.04.20
[    6.966792] Copyright (c) 1999-2008 LSI Corporation
[    6.976318] AVX version of gcm_enc/dec engaged.
[    6.982984] AES CTR mode by8 optimization enabled
[    7.001624] Fusion MPT SPI Host driver 3.04.20
[    7.175477] input: ImExPS/2 Generic Explorer Mouse as /devices/platform/i8042/serio1/input/input4
[    7.345848] e1000 0000:00:03.0 eth0: (PCI:33MHz:32-bit) 02:c0:e2:3c:71:11
[    7.407123] e1000 0000:00:03.0 eth0: Intel(R) PRO/1000 Network Connection
[    7.804407] e1000 0000:00:08.0 eth1: (PCI:33MHz:32-bit) 08:00:27:ad:e3:95
[    7.825950] e1000 0000:00:08.0 eth1: Intel(R) PRO/1000 Network Connection
[    7.882699] e1000 0000:00:03.0 enp0s3: renamed from eth0
[    7.886636] mptbase: ioc0: Initiating bringup
[    7.944574] e1000 0000:00:08.0 enp0s8: renamed from eth1
[    8.002441] ioc0: LSI53C1030 A0: Capabilities={Initiator}
[    8.194410] scsi host2: ioc0: LSI53C1030 A0, FwRev=00000000h, Ports=1, MaxQ=256, IRQ=20
[    8.335284] scsi 2:0:0:0: Direct-Access     VBOX     HARDDISK         1.0  PQ: 0 ANSI: 5
[    8.385159] scsi target2:0:0: Beginning Domain Validation
[    8.439788] scsi target2:0:0: Domain Validation skipping write tests
[    8.530617] scsi target2:0:0: Ending Domain Validation
[    8.565358] scsi target2:0:0: asynchronous
[    8.635870] scsi 2:0:1:0: Direct-Access     VBOX     HARDDISK         1.0  PQ: 0 ANSI: 5
[    8.650549] scsi target2:0:1: Beginning Domain Validation
[    8.669611] scsi target2:0:1: Domain Validation skipping write tests
[    8.737518] scsi target2:0:1: Ending Domain Validation
[    8.738828] scsi target2:0:1: asynchronous
[    8.760986] sd 2:0:0:0: Attached scsi generic sg0 type 0
[    8.823862] sd 2:0:0:0: [sda] 20971520 512-byte logical blocks: (10.7 GB/10.0 GiB)
[    8.859554] sd 2:0:0:0: [sda] Write Protect is off
[    8.859956] sd 2:0:1:0: [sdb] 20480 512-byte logical blocks: (10.5 MB/10.0 MiB)
[    8.860116] sd 2:0:1:0: [sdb] Write Protect is off
[    8.860223] sd 2:0:1:0: [sdb] Incomplete mode parameter data
[    8.860224] sd 2:0:1:0: [sdb] Assuming drive cache: write through
[    8.906278] sd 2:0:1:0: Attached scsi generic sg1 type 0
[    8.908213] sd 2:0:1:0: [sdb] Attached SCSI disk
[    9.030581] sd 2:0:0:0: [sda] Incomplete mode parameter data
[    9.045434] sd 2:0:0:0: [sda] Assuming drive cache: write through
[    9.101325]  sda: sda1
[    9.108376] sd 2:0:0:0: [sda] Attached SCSI disk
[    9.970880] floppy0: no floppy controllers found
Begin: Loading e[   11.462338] md: linear personality registered for level -1
ssential drivers[   11.524569] md: multipath personality registered for level -4
 ... [   11.570111] md: raid0 personality registered for level 0
[   11.582185] md: raid1 personality registered for level 1
[   11.690165] raid6: sse2x1   gen()  6946 MB/s
[   11.778331] raid6: sse2x1   xor()  5645 MB/s
[   11.858578] raid6: sse2x2   gen() 10770 MB/s
[   11.970082] raid6: sse2x2   xor()  7052 MB/s
[   12.070045] raid6: sse2x4   gen() 12005 MB/s
[   12.174438] raid6: sse2x4   xor()  7000 MB/s
[   12.230226] raid6: using algorithm sse2x4 gen() 12005 MB/s
[   12.265686] raid6: .... xor() 7000 MB/s, rmw enabled
[   12.271598] raid6: using ssse3x2 recovery algorithm
[   12.283676] xor: automatically using best checksumming function:
[   12.330107]    avx       : 18543.000 MB/sec
[   12.344042] async_tx: api initialized (async)
[   12.382755] md: raid6 personality registered for level 6
[   12.393282] md: raid5 personality registered for level 5
[   12.399702] md: raid4 personality registered for level 4
[   12.417065] md: raid10 personality registered for level 10
done.
Begin: Running /scripts/init-premount ... done.
Begin: Mounting root fil[   12.461299] Btrfs loaded
e system ... Begin: Running /scripts/local-top ... done.
Begin: Running /scripts/local-premount ... Scanning for Btrfs filesyst[   12.537279] EXT4-fs (sda1): mounted filesystem with ordered data mode. Opts: (null)
ems
done.
Warning: fsck not present, so skipping root file system
done.
Begin: Running /scripts/local-bottom ... done.
Begin: Running /scripts/init-bottom ... done.
[   12.720390] systemd[1]: systemd 229 running in system mode. (+PAM +AUDIT +SELINUX +IMA +APPARMOR +SMACK +SYSVINIT +UTMP +LIBCRYPTSETUP +GCRYPT +GNUTLS +ACL +XZ -LZ4 +SECCOMP +BLKID +ELFUTILS +KMOD -IDN)
[   12.751516] systemd[1]: Detected virtualization oracle.
[   12.764567] systemd[1]: Detected architecture x86-64.

Welcome to [1mUbuntu 16.04.3 LTS[0m!

[   12.851711] systemd[1]: Set hostname to <ubuntu-xenial>.
[   13.093747] systemd[1]: Started Forward Password Requests to Wall Directory Watch.
[[0;32m  OK  [0m] Started Forward Password Requests to Wall Directory Watch.
[   13.126606] systemd[1]: Reached target User and Group Name Lookups.
[[0;32m  OK  [0m] Reached target User and Group Name Lookups.
[   13.181354] systemd[1]: Listening on udev Control Socket.
[[0;32m  OK  [0m] Listening on udev Control Socket.
[   13.214584] systemd[1]: Listening on Journal Socket.
[[0;32m  OK  [0m] Listening on Journal Socket.
[   13.250438] systemd[1]: Listening on Journal Audit Socket.
[[0;32m  OK  [0m] Listening on Journal Audit Socket.
[   13.278790] systemd[1]: Reached target Encrypted Volumes.
[[0;32m  OK  [0m] Reached target Encrypted Volumes.
[   13.291956] systemd[1]: Listening on Device-mapper event daemon FIFOs.
[[0;32m  OK  [0m] Listening on Device-mapper event daemon FIFOs.
[   13.342927] systemd[1]: Listening on LVM2 metadata daemon socket.
[[0;32m  OK  [0m] Listening on LVM2 metadata daemon socket.
[   13.407284] systemd[1]: Created slice System Slice.
[[0;32m  OK  [0m] Created slice System Slice.
[   13.442519] systemd[1]: Mounting POSIX Message Queue File System...
         Mounting POSIX Message Queue File System...
[   13.486628] systemd[1]: Starting Load Kernel Modules...
         Startin[   13.496093] Loading iSCSI transport class v2.0-870.
g Load Kernel Mo[   13.586972] iscsi: registered transport (tcp)
dules...
[   13.623357] systemd[1]: Starting Create list of required static device nodes for the current kernel...
         Starting Create list of required st... nodes for the current kernel...
[   13.642000] systemd[1]: Starting Monitoring of LVM2 mirrors, snapshots etc. using dmeventd or progress polling...
         Starting Monitoring of LVM2 mirrors... dmeventd or progress polling...
[   13.671485] iscsi: registered transport (iser)
[   13.702589] systemd[1]: Starting Uncomplicated firewall...
         Starting Uncomplicated firewall...
[   13.752531] systemd[1]: Mounting Huge Pages File System...
         Mounting Huge Pages File System...
[   13.763066] systemd[1]: Created slice User and Session Slice.
[[0;32m  OK  [0m] Created slice User and Session Slice.
[   13.775096] systemd[1]: Reached target Slices.
[[0;32m  OK  [0m] Reached target Slices.
[   13.795882] systemd[1]: Reached target Swap.
[[0;32m  OK  [0m] Reached target Swap.
[   13.830567] systemd[1]: Starting Set console keymap...
         Starting Set console keymap...
[   13.855196] systemd[1]: Listening on udev Kernel Socket.
[[0;32m  OK  [0m] Listening on udev Kernel Socket.
[   13.897560] systemd[1]: Listening on /dev/initctl Compatibility Named Pipe.
[[0;32m  OK  [0m] Listening on /dev/initctl Compatibility Named Pipe.
[   13.907239] systemd[1]: Set up automount Arbitrary Executable File Formats File System Automount Point.
[[0;32m  OK  [0m] Set up automount Arbitrary Executab...ats File System Automount Point.
[   13.960257] systemd[1]: Started Trigger resolvconf update for networkd DNS.
[[0;32m  OK  [0m] Started Trigger resolvconf update for networkd DNS.
[   14.030688] systemd[1]: Listening on Syslog Socket.
[[0;32m  OK  [0m] Listening on Syslog Socket.
[   14.078968] systemd[1]: Listening on LVM2 poll daemon socket.
[[0;32m  OK  [0m] Listening on LVM2 poll daemon socket.
[   14.139491] systemd[1]: Starting Remount Root and Kernel File Systems...
[   14.144658] EXT4-fs (sda1): re-mounted. Opts: (null)
         Starting Remount Root and Kernel File S[   14.276527] random: nonblocking pool is initialized
ystems...
[   14.288480] systemd[1]: Mounting Debug File System...
         Mounting Debug File System...
[   14.294070] systemd[1]: Created slice system-serial\x2dgetty.slice.
[[0;32m  OK  [0m] Created slice system-serial\x2dgetty.slice.
[   14.303984] systemd[1]: Starting Nameserver information manager...
         Starting Nameserver information manager...
[   14.314650] systemd[1]: Listening on Journal Socket (/dev/log).
[[0;32m  OK  [0m] Listening on Journal Socket (/dev/log).
[   14.323707] systemd[1]: Starting Journal Service...
         Starting Journal Service...
[   14.356328] systemd[1]: Mounted POSIX Message Queue File System.
[[0;32m  OK  [0m] Mounted POSIX Message Queue File System.
[   14.406481] systemd[1]: Mounted Huge Pages File System.
[[0;32m  OK  [0m] Mounted Huge Pages File System.
[   14.482642] systemd[1]: Mounted Debug File System.
[[0;32m  OK  [0m] Mounted Debug File System.
[   14.523121] systemd[1]: Started Journal Service.
[[0;32m  OK  [0m] Started Journal Service.
[[0;32m  OK  [0m] Started Load Kernel Modules.
[[0;32m  OK  [0m] Started Create list of required sta...ce nodes for the current kernel.
[[0;32m  OK  [0m] Started Uncomplicated firewall.
[[0;32m  OK  [0m] Started Set console keymap.
[[0;32m  OK  [0m] Started Remount Root and Kernel File Systems.
[[0;32m  OK  [0m] Started Nameserver information manager.
[[0;32m  OK  [0m] Started LVM2 metadata daemon.
         Starting Initial cloud-init job (pre-networking)...
         Starting Load/Save Random Seed...
         Starting udev Coldplug all Devices...
         Starting Create Static Device Nodes in /dev...
         Starting Apply Kernel Variables...
         Mounting FUSE Control File System...
         Starting Flush Journal to Persistent Storage...
[[0;32m  OK  [0m] Mounted FUSE Control File System.
[[0;32m  OK  [0m] Started Load/Save Random Seed.
[[0;32m  OK  [0m] Started Create Static Device Nodes in /dev.
[[0;32m  OK  [0m] Started Apply Kernel Variables.
[[0;32m  OK  [0m] Started udev Coldplug all Devices.
[[0;32m  OK  [0m] Started Monitoring of LVM2 mirrors,...ng dmeventd or progress polling.
[[0;32m  OK  [0m] Started Flush Journal to Persistent Storage.
         Starting udev Kernel Device Manager...
[[0;32m  OK  [0m] Started udev Kernel Device Manager.
[[0;32m  OK  [0m] Started Dispatch Password Requests to Console Directory Watch.
[[0;32m  OK  [0m] Reached target Local File Systems (Pre).
[[0;32m  OK  [0m] Reached target Local File Systems.
         Starting Create Volatile Files and Directories...
         Starting Set console font and keymap...
         Starting LSB: AppArmor initialization...
         Starting Tell Plymouth To Write Out Runtime Data...
[[0;32m  OK  [0m] Started Create Volatile Files and Directories.
[[0;32m  OK  [0m] Started Tell Plymouth To Write Out Runtime Data.
[[0;32m  OK  [0m] Found device /dev/ttyS0.
         Starting Update UTMP about System Boot/Shutdown...
[[0;32m  OK  [0m] Reached target System Time Synchronized.
[[0;32m  OK  [0m] Started LSB: AppArmor initialization.
[[0;32m  OK  [0m] Started Update UTMP about System Boot/Shutdown.
[[0;32m  OK  [0m] Started Set console font and keymap.
[[0;32m  OK  [0m] Created slice system-getty.slice.
[[0;32m  OK  [0m] Listening on Load/Save RF Kill Switch Status /dev/rfkill Watch.
[[0;32m  OK  [0m] Found device 82540EM Gigabit Ethern...r (PRO/1000 MT Desktop Adapter).
[[0;32m  OK  [0m] Found device 82540EM Gigabit Ethern...r (PRO/1000 MT Desktop Adapter).
[   12.941449] cloud-init[445]: Cloud-init v. 0.7.9 running 'init-local' at Wed, 16 Aug 2017 02:51:55 +0000. Up 12.50 seconds.
[[0;32m  OK  [0m] Started Initial cloud-init job (pre-networking).
[[0;32m  OK  [0m] Reached target Network (Pre).
[[0;32m  OK  [0m] Started ifup for enp0s3.
         Starting Raise network interfaces...
[[0;32m  OK  [0m] Started ifup for enp0s8.
[[0;32m  OK  [0m] Started Raise network interfaces.
[[0;32m  OK  [0m] Reached target Network.
         Starting Initial cloud-init job (metadata service crawler)...
[   16.352748] cloud-init[1093]: Cloud-init v. 0.7.9 running 'init' at Wed, 16 Aug 2017 02:51:59 +0000. Up 15.90 seconds.
[   16.384243] cloud-init[1093]: ci-info: ++++++++++++++++++++++++++++++++++++++Net device info++++++++++++++++++++++++++++++++++++++
[   16.433098] cloud-init[1093]: ci-info: +--------+------+-----------------------------+---------------+-------+-------------------+
[[0;32m  OK  [0m] Started Initial cloud-init job (metadata service crawler).
[[   16.461379] cloud-init[1093]: ci-info: | Device |  Up  |           Address           |      Mask     | Scope |     Hw-Address    |
[   16.507155] cloud-init[1093]: ci-info: +--------+------+-----------------------------+---------------+-------+-------------------+
[0;32m  OK  [0m] Reached target System Initialization.
[[   16.507323] cloud-init[1093]: ci-info: |   lo   | True |          127.0.0.1          |   255.0.0.0   |   .   |         .         |
[0;32m  OK  [0m] Started Daily Cleanup of Temporary Directories.
[   16.589463] cloud-init[1093]: ci-info: |   lo   | True |           ::1/128           |       .       |  host |         .         |
[   16.651287] cloud-init[1093]: ci-info: | enp0s8 | True |         192.168.0.18        | 255.255.255.0 |   .   | 08:00:27:ad:e3:95 |
[[0;32m  OK  [0m] Started ACPI Events Check.
[   16.653804] cloud-init[1093]: ci-info: | enp0s8 | True | fe80::a00:27ff:fead:e395/64 |       .       |  link | 08:00:27:ad:e3:95 |
[   16.670071] cloud-init[1093]: ci-info: | enp0s3 | True |          10.0.2.15          | 255.255.255.0 |   .   | 02:c0:e2:3c:71:11 |
[[0;32m  OK  [0m] Reached target Paths.
[   16.670944] cloud-init[1093]: ci-info: | enp0s3 | True |  fe80::c0:e2ff:fe3c:7111/64 |       .       |  link | 02:c0:e2:3c:71:11 |
[   16.717075] cloud-init[1093]: ci-info: +--------+------+-----------------------------+---------------+-------+-------------------+
[[0;32m  OK  [0m] Listening on UUID daemon activation socket.
[   16.717417] cloud-init[1093]: ci-info: +++++++++++++++++++++++++++Route IPv4 info++++++++++++++++++++++++++++
[   16.819482] cloud-init[1093]: ci-info: +-------+-------------+----------+---------------+-----------+-------+
[[0;32m  OK  [0m] Listening on D-Bus System Message Bus Socket.
[   16.819655] cloud-init[1093]: ci-info: | Route | Destination | Gateway  |    Genmask    | Interface | Flags |
[   16.895091] cloud-init[1093]: ci-info: +-------+-------------+----------+---------------+-----------+-------+
[   16.895455] cloud-init[1093]: ci-info: |   0   |   0.0.0.0   | 10.0.2.2 |    0.0.0.0    |   enp0s3  |   UG  |
         Starting Socket activation for snappy daemon.
[   16.895679] cloud-init[1093]: ci-info: |   1   |   10.0.2.0  | 0.0.0.0  | 255.255.255.0 |   enp0s3  |   U   |
[   16.996508] cloud-init[1093]: ci-info: |   2   | 192.168.0.0 | 0.0.0.0  | 255.255.255.0 |   enp0s8  |   U   |
[[0;32m  OK  [0m] Started Timer to automatically refresh installed snaps.
[[   16.997149] cloud-init[1093]: ci-info: +-------+-------------+----------+---------------+-----------+-------+
[0;32m  OK  [0m] Listening on ACPID Listen Socket.
         Starting LXD - unix socket.
[[0;32m  OK  [0m] Reached target Cloud-config availability.
[[0;32m  OK  [0m] Reached target Network is Online.
[[0;32m  OK  [0m] Started Daily apt download activities.
[[0;32m  OK  [0m] Started Daily apt upgrade and clean activities.
[[0;32m  OK  [0m] Reached target Timers.
         Starting iSCSI initiator daemon (iscsid)...
[[0;32m  OK  [0m] Listening on Socket activation for snappy daemon.
[[0;32m  OK  [0m] Listening on LXD - unix socket.
[[0;32m  OK  [0m] Started iSCSI initiator daemon (iscsid).
         Starting Login to default iSCSI targets...
[[0;32m  OK  [0m] Reached target Sockets.
[[0;32m  OK  [0m] Reached target Basic System.
         Starting Accounts Service...
         Starting LXD - container startup/shutdown...
         Starting LSB: MD monitoring daemon...
[[0;32m  OK  [0m] Started FUSE filesystem for LXC.
         Starting System Logging Service...
         Starting A high performance web server and a reverse proxy server...
[[0;32m  OK  [0m] Started Regular background program processing daemon.
         Starting LSB: Record successful boot for GRUB...
         Starting /etc/rc.local Compatibility...
[[0;32m  OK  [0m] Started ACPI event daemon.
[[0;32m  OK  [0m] Started Unattended Upgrades Shutdown.
         Starting MySQL Community Server...
[[0;32m  OK  [0m] Started Puppet agent.
[[0;32m  OK  [0m] Started D-Bus System Message Bus.
[[0;32m  OK  [0m] Started Snappy daemon.
         Starting Apply the settings specified in cloud-config...
         Starting Auto import assertions from block devices...
         Starting The Marionette Collective...
         Starting Login Service...
[[0;32m  OK  [0m] Started Deferred execution scheduler.
         Starting OpenBSD Secure Shell server...
[[0;32m  OK  [0m] Started System Logging Service.
[[0;32m  OK  [0m] Started LXD - container startup/shutdown.
[[0;32m  OK  [0m] Started /etc/rc.local Compatibility.
[[0;32m  OK  [0m] Started Auto import assertions from block devices.
[[0;32m  OK  [0m] Started A high performance web server and a reverse proxy server.
[[0;32m  OK  [0m] Started OpenBSD Secure Shell server.
[[0;32m  OK  [0m] Started Login to default iSCSI targets.
[[0;32m  OK  [0m] Started LSB: MD monitoring daemon.
[[0;32m  OK  [0m] Started LSB: Record successful boot for GRUB.
         Starting Authenticate and Authorize Users to Run Privileged Tasks...
[[0;32m  OK  [0m] Reached target Remote File Systems (Pre).
[[0;32m  OK  [0m] Reached target Remote File Systems.
         Starting Permit User Sessions...
         Starting LSB: Start NTP daemon...
         Starting LSB: Set the CPU Frequency Scaling governor to "ondemand"...
         Starting LSB: automatic crash report generation...
         Starting LSB: daemon to balance interrupts for SMP systems...
         Starting LSB: VirtualBox Linux Additions...
[[0;32m  OK  [0m] Started Permit User Sessions.
[[0;32m  OK  [0m] Started Login Service.
[[0;32m  OK  [0m] Started Authenticate and Authorize Users to Run Privileged Tasks.
[[0;32m  OK  [0m] Started Accounts Service.
         Starting Hold until boot process finishes up...
         Starting Terminate Plymouth Boot Screen...
[[0;32m  OK  [0m] Started LSB: Set the CPU Frequency Scaling governor to "ondemand".
[[0;32m  OK  [0m] Started LSB: automatic crash report generation.
[[0;32m  OK  [0m] Started LSB: Start NTP daemon.
[[0;32m  OK  [0m] Started Hold until boot process finishes up.
[[0;32m  OK  [0m] Started Terminate Plymouth Boot Screen.
[[0;32m  OK  [0m] Started LSB: daemon to balance interrupts for SMP systems.
[[0;32m  OK  [0m] Started Serial Getty on ttyS0.
         Starting Set console scheme...
[[0;32m  OK  [0m] Started Getty on tty1.
[[0;32m  OK  [0m] Reached target Login Prompts.
[[0;32m  OK  [0m] Started Set console scheme.
[[0;32m  OK  [0m] Started LSB: VirtualBox Linux Additions.
[[0;32m  OK  [0m] Created slice User Slice of ubuntu.
         Starting User Manager for UID 1000...
[[0;32m  OK  [0m] Started Session 1 of user ubuntu.
[[0;32m  OK  [0m] Started User Manager for UID 1000.
[   19.648983] cloud-init[1209]: Cloud-init v. 0.7.9 running 'modules:config' at Wed, 16 Aug 2017 02:52:02 +0000. Up 19.37 seconds.
[[0;32m  OK  [0m] Started Apply the settings specified in cloud-config.
[[0;32m  OK  [0m] Started The Marionette Collective.
[[0;32m  OK  [0m] Started MySQL Community Server.
[[0;32m  OK  [0m] Reached target Multi-User System.
         Starting Execute cloud user/final scripts...
[[0;32m  OK  [0m] Reached target Graphical Interface.
         Starting Update UTMP about System Runlevel Changes...
[[0;32m  OK  [0m] Started Update UTMP about System Runlevel Changes.
[   20.751161] cloud-init[1485]: Cloud-init v. 0.7.9 running 'modules:final' at Wed, 16 Aug 2017 02:52:04 +0000. Up 20.60 seconds.
[   20.828519] cloud-init[1485]: Cloud-init v. 0.7.9 finished at Wed, 16 Aug 2017 02:52:04 +0000. Datasource DataSourceNoCloud [seed=/dev/sdb][dsmode=net].  Up 20.74 seconds
[[0;32m  OK  [0m] Started Execute cloud user/final scripts.
         Starting Daily apt download activities...
[[0;32m  OK  [0m] Reached target Cloud-init target.

Ubuntu 16.04.3 LTS ubuntu-xenial ttyS0

ubuntu-xenial login: [  187.449822] e1000 0000:00:03.0 enp0s3: Detected Tx Unit Hang
[  187.449822]   Tx Queue             <0>
[  187.449822]   TDH                  <76>
[  187.449822]   TDT                  <78>
[  187.449822]   next_to_use          <78>
[  187.449822]   next_to_clean        <76>
[  187.449822] buffer_info[next_to_clean]
[  187.449822]   time_stamp           <ffff8c09>
[  187.449822]   next_to_watch        <77>
[  187.449822]   jiffies              <ffff8eab>
[  187.449822]   next_to_watch.status <0>
[  189.453423] e1000 0000:00:03.0 enp0s3: Detected Tx Unit Hang
[  189.453423]   Tx Queue             <0>
[  189.453423]   TDH                  <76>
[  189.453423]   TDT                  <78>
[  189.453423]   next_to_use          <78>
[  189.453423]   next_to_clean        <76>
[  189.453423] buffer_info[next_to_clean]
[  189.453423]   time_stamp           <ffff8c09>
[  189.453423]   next_to_watch        <77>
[  189.453423]   jiffies              <ffff90a0>
[  189.453423]   next_to_watch.status <0>
[  191.461076] e1000 0000:00:03.0 enp0s3: Detected Tx Unit Hang
[  191.461076]   Tx Queue             <0>
[  191.461076]   TDH                  <76>
[  191.461076]   TDT                  <78>
[  191.461076]   next_to_use          <78>
[  191.461076]   next_to_clean        <76>
[  191.461076] buffer_info[next_to_clean]
[  191.461076]   time_stamp           <ffff8c09>
[  191.461076]   next_to_watch        <77>
[  191.461076]   jiffies              <ffff9296>
[  191.461076]   next_to_watch.status <0>
[  192.333885] e1000 0000:00:03.0 enp0s3: Reset adapter
[ 3509.596863] e1000 0000:00:03.0 enp0s3: Detected Tx Unit Hang
[ 3509.596863]   Tx Queue             <0>
[ 3509.596863]   TDH                  <41>
[ 3509.596863]   TDT                  <43>
[ 3509.596863]   next_to_use          <43>
[ 3509.596863]   next_to_clean        <41>
[ 3509.596863] buffer_info[next_to_clean]
[ 3509.596863]   time_stamp           <1000c391a>
[ 3509.596863]   next_to_watch        <42>
[ 3509.596863]   jiffies              <1000c3b0d>
[ 3509.596863]   next_to_watch.status <0>
[ 3511.600691] e1000 0000:00:03.0 enp0s3: Detected Tx Unit Hang
[ 3511.600691]   Tx Queue             <0>
[ 3511.600691]   TDH                  <41>
[ 3511.600691]   TDT                  <43>
[ 3511.600691]   next_to_use          <43>
[ 3511.600691]   next_to_clean        <41>
[ 3511.600691] buffer_info[next_to_clean]
[ 3511.600691]   time_stamp           <1000c391a>
[ 3511.600691]   next_to_watch        <42>
[ 3511.600691]   jiffies              <1000c3d02>
[ 3511.600691]   next_to_watch.status <0>
[ 3513.604881] e1000 0000:00:03.0 enp0s3: Detected Tx Unit Hang
[ 3513.604881]   Tx Queue             <0>
[ 3513.604881]   TDH                  <41>
[ 3513.604881]   TDT                  <43>
[ 3513.604881]   next_to_use          <43>
[ 3513.604881]   next_to_clean        <41>
[ 3513.604881] buffer_info[next_to_clean]
[ 3513.604881]   time_stamp           <1000c391a>
[ 3513.604881]   next_to_watch        <42>
[ 3513.604881]   jiffies              <1000c3ef7>
[ 3513.604881]   next_to_watch.status <0>
[ 3514.231280] e1000 0000:00:03.0 enp0s3: Reset adapter
[354568.543154] e1000 0000:00:03.0 enp0s3: Detected Tx Unit Hang
[354568.543154]   Tx Queue             <0>
[354568.543154]   TDH                  <63>
[354568.543154]   TDT                  <65>
[354568.543154]   next_to_use          <65>
[354568.543154]   next_to_clean        <63>
[354568.543154] buffer_info[next_to_clean]
[354568.543154]   time_stamp           <10547e568>
[354568.543154]   next_to_watch        <64>
[354568.543154]   jiffies              <10547e78e>
[354568.543154]   next_to_watch.status <0>
[354570.887890] e1000 0000:00:03.0 enp0s3: Detected Tx Unit Hang
[354570.887890]   Tx Queue             <0>
[354570.887890]   TDH                  <63>
[354570.887890]   TDT                  <65>
[354570.887890]   next_to_use          <65>
[354570.887890]   next_to_clean        <63>
[354570.887890] buffer_info[next_to_clean]
[354570.887890]   time_stamp           <10547e568>
[354570.887890]   next_to_watch        <64>
[354570.887890]   jiffies              <10547e9d8>
[354570.887890]   next_to_watch.status <0>
[354572.696434] e1000 0000:00:03.0 enp0s3: Reset adapter
